<?xml version="1.0" encoding="UTF-8"?>
<!-- Generated by org.testng.reporters.JUnitReportReporter -->
<testsuite hostname="SHREE" name="runner.RunCuke" tests="1" failures="0" timestamp="10 Oct 2018 17:33:49 GMT" time="116.253" errors="0">
  <testcase name="feature" time="116.253" classname="runner.RunCuke"/>
</testsuite> <!-- runner.RunCuke -->
